app/app/build/intermediates/manifest_merge_blame_file/debug/manifest-merger-blame-debug-report.txt
1<?xml version="1.0" encoding="utf-8"?>
2<manifest xmlns:android="http://schemas.android.com/apk/res/android"
3    package="ru.iteco.fmhandroid"
4    android:versionCode="14"
5    android:versionName="1.0.0" >
6
7    <uses-sdk
8        android:minSdkVersion="21"
8-->src\main\AndroidManifest.xml
9        android:targetSdkVersion="32" />
9-->src\main\AndroidManifest.xml
10
11    <uses-permission android:name="android.permission.ACCESS_NETWORK_STATE" />
11-->src\main\AndroidManifest.xml:5:5-79
11-->src\main\AndroidManifest.xml:5:22-76
12    <uses-permission android:name="android.permission.INTERNET" />
12-->src\main\AndroidManifest.xml:6:5-67
12-->src\main\AndroidManifest.xml:6:22-64
13    <uses-permission android:name="android.permission.WAKE_LOCK" />
13-->[com.google.android.gms:play-services-measurement-api:20.0.2] AndroidManifest.xml:24:5-68
13-->[com.google.android.gms:play-services-measurement-api:20.0.2] AndroidManifest.xml:24:22-65
14    <uses-permission android:name="com.google.android.finsky.permission.BIND_GET_INSTALL_REFERRER_SERVICE" /> <!-- Include required permissions for Advertising Id -->
14-->[com.google.android.gms:play-services-measurement:20.0.2] AndroidManifest.xml:26:5-110
14-->[com.google.android.gms:play-services-measurement:20.0.2] AndroidManifest.xml:26:22-107
15    <uses-permission android:name="com.google.android.gms.permission.AD_ID" />
15-->[com.google.android.gms:play-services-ads-identifier:18.0.0] AndroidManifest.xml:23:5-79
15-->[com.google.android.gms:play-services-ads-identifier:18.0.0] AndroidManifest.xml:23:22-76
16    <uses-permission android:name="android.permission.REORDER_TASKS" />
16-->[androidx.test:core:1.5.0] AndroidManifest.xml:24:5-72
16-->[androidx.test:core:1.5.0] AndroidManifest.xml:24:22-69
17
18    <application
18-->src\main\AndroidManifest.xml:8:5-27:19
19        android:name="ru.iteco.fmhandroid.application.FhmApplication"
19-->src\main\AndroidManifest.xml:9:9-70
20        android:allowBackup="false"
20-->src\main\AndroidManifest.xml:11:9-36
21        android:appComponentFactory="androidx.core.app.CoreComponentFactory"
21-->[androidx.core:core:1.7.0] AndroidManifest.xml:24:18-86
22        android:debuggable="true"
23        android:icon="@mipmap/ic_launcher"
23-->src\main\AndroidManifest.xml:12:9-43
24        android:label="@string/app_name"
24-->src\main\AndroidManifest.xml:13:9-41
25        android:roundIcon="@mipmap/ic_launcher_round"
25-->src\main\AndroidManifest.xml:14:9-54
26        android:supportsRtl="true"
26-->src\main\AndroidManifest.xml:15:9-35
27        android:testOnly="true"
28        android:theme="@style/Theme.FMHAndroid"
28-->src\main\AndroidManifest.xml:16:9-48
29        android:usesCleartextTraffic="true" >
29-->src\main\AndroidManifest.xml:10:9-44
30        <activity
30-->src\main\AndroidManifest.xml:18:9-26:20
31            android:name="ru.iteco.fmhandroid.ui.AppActivity"
31-->src\main\AndroidManifest.xml:19:13-62
32            android:exported="true" >
32-->src\main\AndroidManifest.xml:20:13-36
33            <intent-filter>
33-->src\main\AndroidManifest.xml:22:13-25:29
34                <action android:name="android.intent.action.MAIN" />
34-->src\main\AndroidManifest.xml:23:17-69
34-->src\main\AndroidManifest.xml:23:25-66
35
36                <category android:name="android.intent.category.LAUNCHER" />
36-->src\main\AndroidManifest.xml:24:17-77
36-->src\main\AndroidManifest.xml:24:27-74
37            </intent-filter>
38        </activity>
39
40        <service
40-->[com.google.firebase:firebase-crashlytics-ktx:18.2.6] AndroidManifest.xml:24:9-30:19
41            android:name="com.google.firebase.components.ComponentDiscoveryService"
41-->[com.google.firebase:firebase-crashlytics-ktx:18.2.6] AndroidManifest.xml:25:13-84
42            android:directBootAware="true"
42-->[com.google.firebase:firebase-common:20.0.0] AndroidManifest.xml:35:13-43
43            android:exported="false" >
43-->[com.google.firebase:firebase-crashlytics-ktx:18.2.6] AndroidManifest.xml:26:13-37
44            <meta-data
44-->[com.google.firebase:firebase-crashlytics-ktx:18.2.6] AndroidManifest.xml:27:13-29:85
45                android:name="com.google.firebase.components:com.google.firebase.crashlytics.ktx.FirebaseCrashlyticsKtxRegistrar"
45-->[com.google.firebase:firebase-crashlytics-ktx:18.2.6] AndroidManifest.xml:28:17-130
46                android:value="com.google.firebase.components.ComponentRegistrar" />
46-->[com.google.firebase:firebase-crashlytics-ktx:18.2.6] AndroidManifest.xml:29:17-82
47            <meta-data
47-->[com.google.firebase:firebase-analytics-ktx:20.0.2] AndroidManifest.xml:11:13-13:85
48                android:name="com.google.firebase.components:com.google.firebase.analytics.ktx.FirebaseAnalyticsKtxRegistrar"
48-->[com.google.firebase:firebase-analytics-ktx:20.0.2] AndroidManifest.xml:12:17-126
49                android:value="com.google.firebase.components.ComponentRegistrar" />
49-->[com.google.firebase:firebase-analytics-ktx:20.0.2] AndroidManifest.xml:13:17-82
50            <meta-data
50-->[com.google.firebase:firebase-common-ktx:20.0.0] AndroidManifest.xml:15:13-17:85
51                android:name="com.google.firebase.components:com.google.firebase.ktx.FirebaseCommonKtxRegistrar"
51-->[com.google.firebase:firebase-common-ktx:20.0.0] AndroidManifest.xml:16:17-113
52                android:value="com.google.firebase.components.ComponentRegistrar" />
52-->[com.google.firebase:firebase-common-ktx:20.0.0] AndroidManifest.xml:17:17-82
53            <meta-data
53-->[com.google.firebase:firebase-crashlytics:18.2.6] AndroidManifest.xml:18:13-20:85
54                android:name="com.google.firebase.components:com.google.firebase.crashlytics.CrashlyticsRegistrar"
54-->[com.google.firebase:firebase-crashlytics:18.2.6] AndroidManifest.xml:19:17-115
55                android:value="com.google.firebase.components.ComponentRegistrar" />
55-->[com.google.firebase:firebase-crashlytics:18.2.6] AndroidManifest.xml:20:17-82
56            <meta-data
56-->[com.google.android.gms:play-services-measurement-api:20.0.2] AndroidManifest.xml:30:13-32:85
57                android:name="com.google.firebase.components:com.google.firebase.analytics.connector.internal.AnalyticsConnectorRegistrar"
57-->[com.google.android.gms:play-services-measurement-api:20.0.2] AndroidManifest.xml:31:17-139
58                android:value="com.google.firebase.components.ComponentRegistrar" />
58-->[com.google.android.gms:play-services-measurement-api:20.0.2] AndroidManifest.xml:32:17-82
59            <meta-data
59-->[com.google.firebase:firebase-installations:17.0.0] AndroidManifest.xml:18:13-20:85
60                android:name="com.google.firebase.components:com.google.firebase.installations.FirebaseInstallationsRegistrar"
60-->[com.google.firebase:firebase-installations:17.0.0] AndroidManifest.xml:19:17-127
61                android:value="com.google.firebase.components.ComponentRegistrar" />
61-->[com.google.firebase:firebase-installations:17.0.0] AndroidManifest.xml:20:17-82
62        </service>
63
64        <provider
64-->[com.google.firebase:firebase-common:20.0.0] AndroidManifest.xml:26:9-31:39
65            android:name="com.google.firebase.provider.FirebaseInitProvider"
65-->[com.google.firebase:firebase-common:20.0.0] AndroidManifest.xml:27:13-77
66            android:authorities="ru.iteco.fmhandroid.firebaseinitprovider"
66-->[com.google.firebase:firebase-common:20.0.0] AndroidManifest.xml:28:13-72
67            android:directBootAware="true"
67-->[com.google.firebase:firebase-common:20.0.0] AndroidManifest.xml:29:13-43
68            android:exported="false"
68-->[com.google.firebase:firebase-common:20.0.0] AndroidManifest.xml:30:13-37
69            android:initOrder="100" />
69-->[com.google.firebase:firebase-common:20.0.0] AndroidManifest.xml:31:13-36
70
71        <receiver
71-->[com.google.android.gms:play-services-measurement:20.0.2] AndroidManifest.xml:29:9-33:20
72            android:name="com.google.android.gms.measurement.AppMeasurementReceiver"
72-->[com.google.android.gms:play-services-measurement:20.0.2] AndroidManifest.xml:30:13-85
73            android:enabled="true"
73-->[com.google.android.gms:play-services-measurement:20.0.2] AndroidManifest.xml:31:13-35
74            android:exported="false" >
74-->[com.google.android.gms:play-services-measurement:20.0.2] AndroidManifest.xml:32:13-37
75        </receiver>
76
77        <service
77-->[com.google.android.gms:play-services-measurement:20.0.2] AndroidManifest.xml:35:9-38:40
78            android:name="com.google.android.gms.measurement.AppMeasurementService"
78-->[com.google.android.gms:play-services-measurement:20.0.2] AndroidManifest.xml:36:13-84
79            android:enabled="true"
79-->[com.google.android.gms:play-services-measurement:20.0.2] AndroidManifest.xml:37:13-35
80            android:exported="false" />
80-->[com.google.android.gms:play-services-measurement:20.0.2] AndroidManifest.xml:38:13-37
81        <service
81-->[com.google.android.gms:play-services-measurement:20.0.2] AndroidManifest.xml:39:9-43:72
82            android:name="com.google.android.gms.measurement.AppMeasurementJobService"
82-->[com.google.android.gms:play-services-measurement:20.0.2] AndroidManifest.xml:40:13-87
83            android:enabled="true"
83-->[com.google.android.gms:play-services-measurement:20.0.2] AndroidManifest.xml:41:13-35
84            android:exported="false"
84-->[com.google.android.gms:play-services-measurement:20.0.2] AndroidManifest.xml:42:13-37
85            android:permission="android.permission.BIND_JOB_SERVICE" />
85-->[com.google.android.gms:play-services-measurement:20.0.2] AndroidManifest.xml:43:13-69
86
87        <meta-data
87-->[com.google.android.gms:play-services-basement:18.0.0] AndroidManifest.xml:21:9-23:69
88            android:name="com.google.android.gms.version"
88-->[com.google.android.gms:play-services-basement:18.0.0] AndroidManifest.xml:22:13-58
89            android:value="@integer/google_play_services_version" />
89-->[com.google.android.gms:play-services-basement:18.0.0] AndroidManifest.xml:23:13-66
90
91        <service
91-->[androidx.room:room-runtime:2.4.2] AndroidManifest.xml:25:9-28:40
92            android:name="androidx.room.MultiInstanceInvalidationService"
92-->[androidx.room:room-runtime:2.4.2] AndroidManifest.xml:26:13-74
93            android:directBootAware="true"
93-->[androidx.room:room-runtime:2.4.2] AndroidManifest.xml:27:13-43
94            android:exported="false" />
94-->[androidx.room:room-runtime:2.4.2] AndroidManifest.xml:28:13-37
95
96        <activity
96-->[androidx.test:core:1.5.0] AndroidManifest.xml:27:9-34:20
97            android:name="androidx.test.core.app.InstrumentationActivityInvoker$BootstrapActivity"
97-->[androidx.test:core:1.5.0] AndroidManifest.xml:28:13-99
98            android:exported="true"
98-->[androidx.test:core:1.5.0] AndroidManifest.xml:29:13-36
99            android:theme="@style/WhiteBackgroundTheme" >
99-->[androidx.test:core:1.5.0] AndroidManifest.xml:30:13-56
100            <intent-filter android:priority="-100" >
100-->[androidx.test:core:1.5.0] AndroidManifest.xml:31:13-33:29
100-->[androidx.test:core:1.5.0] AndroidManifest.xml:31:28-51
101                <category android:name="android.intent.category.LAUNCHER" />
101-->src\main\AndroidManifest.xml:24:17-77
101-->src\main\AndroidManifest.xml:24:27-74
102            </intent-filter>
103        </activity>
104        <activity
104-->[androidx.test:core:1.5.0] AndroidManifest.xml:35:9-42:20
105            android:name="androidx.test.core.app.InstrumentationActivityInvoker$EmptyActivity"
105-->[androidx.test:core:1.5.0] AndroidManifest.xml:36:13-95
106            android:exported="true"
106-->[androidx.test:core:1.5.0] AndroidManifest.xml:37:13-36
107            android:theme="@style/WhiteBackgroundTheme" >
107-->[androidx.test:core:1.5.0] AndroidManifest.xml:38:13-56
108            <intent-filter android:priority="-100" >
108-->[androidx.test:core:1.5.0] AndroidManifest.xml:31:13-33:29
108-->[androidx.test:core:1.5.0] AndroidManifest.xml:31:28-51
109                <category android:name="android.intent.category.LAUNCHER" />
109-->src\main\AndroidManifest.xml:24:17-77
109-->src\main\AndroidManifest.xml:24:27-74
110            </intent-filter>
111        </activity>
112        <activity
112-->[androidx.test:core:1.5.0] AndroidManifest.xml:43:9-50:20
113            android:name="androidx.test.core.app.InstrumentationActivityInvoker$EmptyFloatingActivity"
113-->[androidx.test:core:1.5.0] AndroidManifest.xml:44:13-103
114            android:exported="true"
114-->[androidx.test:core:1.5.0] AndroidManifest.xml:45:13-36
115            android:theme="@style/WhiteBackgroundDialogTheme" >
115-->[androidx.test:core:1.5.0] AndroidManifest.xml:46:13-62
116            <intent-filter android:priority="-100" >
116-->[androidx.test:core:1.5.0] AndroidManifest.xml:31:13-33:29
116-->[androidx.test:core:1.5.0] AndroidManifest.xml:31:28-51
117                <category android:name="android.intent.category.LAUNCHER" />
117-->src\main\AndroidManifest.xml:24:17-77
117-->src\main\AndroidManifest.xml:24:27-74
118            </intent-filter>
119        </activity>
120
121        <service
121-->[com.google.android.datatransport:transport-backend-cct:3.1.0] AndroidManifest.xml:29:9-35:19
122            android:name="com.google.android.datatransport.runtime.backends.TransportBackendDiscovery"
122-->[com.google.android.datatransport:transport-backend-cct:3.1.0] AndroidManifest.xml:30:13-103
123            android:exported="false" >
123-->[com.google.android.datatransport:transport-backend-cct:3.1.0] AndroidManifest.xml:31:13-37
124            <meta-data
124-->[com.google.android.datatransport:transport-backend-cct:3.1.0] AndroidManifest.xml:32:13-34:39
125                android:name="backend:com.google.android.datatransport.cct.CctBackendFactory"
125-->[com.google.android.datatransport:transport-backend-cct:3.1.0] AndroidManifest.xml:33:17-94
126                android:value="cct" />
126-->[com.google.android.datatransport:transport-backend-cct:3.1.0] AndroidManifest.xml:34:17-36
127        </service>
128        <service
128-->[com.google.android.datatransport:transport-runtime:3.1.0] AndroidManifest.xml:26:9-30:19
129            android:name="com.google.android.datatransport.runtime.scheduling.jobscheduling.JobInfoSchedulerService"
129-->[com.google.android.datatransport:transport-runtime:3.1.0] AndroidManifest.xml:27:13-117
130            android:exported="false"
130-->[com.google.android.datatransport:transport-runtime:3.1.0] AndroidManifest.xml:28:13-37
131            android:permission="android.permission.BIND_JOB_SERVICE" >
131-->[com.google.android.datatransport:transport-runtime:3.1.0] AndroidManifest.xml:29:13-69
132        </service>
133
134        <receiver
134-->[com.google.android.datatransport:transport-runtime:3.1.0] AndroidManifest.xml:32:9-34:40
135            android:name="com.google.android.datatransport.runtime.scheduling.jobscheduling.AlarmManagerSchedulerBroadcastReceiver"
135-->[com.google.android.datatransport:transport-runtime:3.1.0] AndroidManifest.xml:33:13-132
136            android:exported="false" />
136-->[com.google.android.datatransport:transport-runtime:3.1.0] AndroidManifest.xml:34:13-37
137
138        <provider
138-->[androidx.emoji2:emoji2:1.0.0] AndroidManifest.xml:26:9-34:20
139            android:name="androidx.startup.InitializationProvider"
139-->[androidx.emoji2:emoji2:1.0.0] AndroidManifest.xml:27:13-67
140            android:authorities="ru.iteco.fmhandroid.androidx-startup"
140-->[androidx.emoji2:emoji2:1.0.0] AndroidManifest.xml:28:13-68
141            android:exported="false" >
141-->[androidx.emoji2:emoji2:1.0.0] AndroidManifest.xml:29:13-37
142            <meta-data
142-->[androidx.emoji2:emoji2:1.0.0] AndroidManifest.xml:31:13-33:52
143                android:name="androidx.emoji2.text.EmojiCompatInitializer"
143-->[androidx.emoji2:emoji2:1.0.0] AndroidManifest.xml:32:17-75
144                android:value="androidx.startup" />
144-->[androidx.emoji2:emoji2:1.0.0] AndroidManifest.xml:33:17-49
145            <meta-data
145-->[androidx.lifecycle:lifecycle-process:2.4.0] AndroidManifest.xml:31:13-33:52
146                android:name="androidx.lifecycle.ProcessLifecycleInitializer"
146-->[androidx.lifecycle:lifecycle-process:2.4.0] AndroidManifest.xml:32:17-78
147                android:value="androidx.startup" />
147-->[androidx.lifecycle:lifecycle-process:2.4.0] AndroidManifest.xml:33:17-49
148        </provider>
149    </application>
150
151</manifest>